<?xml version="1.0" encoding="UTF-8"?>
<!-- Generated by org.testng.reporters.JUnitReportReporter -->
<testsuite skipped="0" hostname="DESKTOP-G1TJ5B3" name="com.page.parabankutil.ExtentReport" tests="1" failures="0" timestamp="12 Jan 2022 04:44:39 GMT" time="0.145" errors="0">
  <testcase name="init" time="0.145" classname="com.page.parabankutil.ExtentReport"/>
</testsuite> <!-- com.page.parabankutil.ExtentReport -->
