<?xml version="1.0" encoding="UTF-8"?>
<!-- Generated by org.testng.reporters.JUnitReportReporter -->
<testsuite skipped="0" hostname="DESKTOP-G1TJ5B3" name="com.page.parabank.Baseclass" tests="1" failures="0" timestamp="12 Jan 2022 20:00:30 GMT" time="4.866" errors="0">
  <testcase name="init" time="4.866" classname="com.page.parabank.Baseclass"/>
</testsuite> <!-- com.page.parabank.Baseclass -->
