<?xml version="1.0" encoding="UTF-8"?>
<!-- Generated by org.testng.reporters.JUnitReportReporter -->
<testsuite skipped="0" hostname="DESKTOP-G1TJ5B3" name="selenium_test_practice.ParallelTest_TestNG" tests="2" failures="0" timestamp="10 Feb 2022 04:17:24 GMT" time="20.209" errors="0">
  <testcase name="openbroser_chrome" time="10.419" classname="selenium_test_practice.ParallelTest_TestNG"/>
  <testcase name="openbroser_firefox" time="9.790" classname="selenium_test_practice.ParallelTest_TestNG"/>
</testsuite> <!-- selenium_test_practice.ParallelTest_TestNG -->
