<?xml version="1.0" encoding="UTF-8"?>
<!-- Generated by org.testng.reporters.JUnitReportReporter -->
<testsuite skipped="0" hostname="DESKTOP-G1TJ5B3" name="practice_TestNg.Testcase1_page" tests="6" failures="0" timestamp="09 Feb 2022 18:59:58 GMT" time="0.011" errors="0">
  <testcase name="init" time="0.001" classname="practice_TestNg.Testcase1_page"/>
  <testcase name="printtextmethod" time="0.000" classname="practice_TestNg.Testcase1_page"/>
  <testcase name="exception_test" time="0.001" classname="practice_TestNg.Testcase1_page"/>
  <testcase name="login" time="0.007" classname="practice_TestNg.Testcase1_page"/>
  <testcase name="login" time="0.001" classname="practice_TestNg.Testcase1_page"/>
  <testcase name="open_browser" time="0.001" classname="practice_TestNg.Testcase1_page"/>
</testsuite> <!-- practice_TestNg.Testcase1_page -->
