<?xml version="1.0" encoding="UTF-8"?>
<!-- Generated by org.testng.reporters.JUnitReportReporter -->
<testsuite skipped="0" hostname="DESKTOP-G1TJ5B3" name="practice_TestNg.Testcase3_group" tests="2" failures="0" timestamp="09 Feb 2022 18:59:58 GMT" time="0.001" errors="0">
  <testcase name="login_title" time="0.001" classname="practice_TestNg.Testcase3_group"/>
  <testcase name="login" time="0.000" classname="practice_TestNg.Testcase3_group"/>
</testsuite> <!-- practice_TestNg.Testcase3_group -->
