<?xml version="1.0" encoding="UTF-8"?>
<!-- Generated by org.testng.reporters.JUnitReportReporter -->
<testsuite skipped="1" hostname="DESKTOP-G1TJ5B3" name="practice_TestNg.Testcase2_page" tests="1" failures="0" timestamp="09 Feb 2022 18:59:58 GMT" time="0.001" errors="0">
  <testcase name="open_browser" time="0.001" classname="practice_TestNg.Testcase2_page">
    <skipped/>
  </testcase> <!-- open_browser -->
</testsuite> <!-- practice_TestNg.Testcase2_page -->
